Release 13.4 - xst O.87xd (nt64)
Copyright (c) 1995-2011 Xilinx, Inc.  All rights reserved.
--> Parameter TMPDIR set to xst/projnav.tmp


Total REAL time to Xst completion: 0.00 secs
Total CPU time to Xst completion: 0.10 secs
 
--> Parameter xsthdpdir set to xst


Total REAL time to Xst completion: 0.00 secs
Total CPU time to Xst completion: 0.10 secs
 
--> Reading design: Memory_Cell.prj

TABLE OF CONTENTS
  1) Synthesis Options Summary
  2) HDL Parsing
  3) HDL Elaboration
  4) HDL Synthesis
       4.1) HDL Synthesis Report
  5) Advanced HDL Synthesis
       5.1) Advanced HDL Synthesis Report
  6) Low Level Synthesis
  7) Partition Report
  8) Design Summary
       8.1) Primitive and Black Box Usage
       8.2) Device utilization summary
       8.3) Partition Resource Summary
       8.4) Timing Report
            8.4.1) Clock Information
            8.4.2) Asynchronous Control Signals Information
            8.4.3) Timing Summary
            8.4.4) Timing Details
            8.4.5) Cross Clock Domains Report


=========================================================================
*                      Synthesis Options Summary                        *
=========================================================================
---- Source Parameters
Input File Name                    : "Memory_Cell.prj"
Ignore Synthesis Constraint File   : NO

---- Target Parameters
Output File Name                   : "Memory_Cell"
Output Format                      : NGC
Target Device                      : xc6slx16-3-csg324

---- Source Options
Top Module Name                    : Memory_Cell
Automatic FSM Extraction           : YES
FSM Encoding Algorithm             : Auto
Safe Implementation                : No
FSM Style                          : LUT
RAM Extraction                     : Yes
RAM Style                          : Auto
ROM Extraction                     : Yes
Shift Register Extraction          : YES
ROM Style                          : Auto
Resource Sharing                   : YES
Asynchronous To Synchronous        : NO
Shift Register Minimum Size        : 2
Use DSP Block                      : Auto
Automatic Register Balancing       : No

---- Target Options
LUT Combining                      : Auto
Reduce Control Sets                : Auto
Add IO Buffers                     : YES
Global Maximum Fanout              : 100000
Add Generic Clock Buffer(BUFG)     : 16
Register Duplication               : YES
Optimize Instantiated Primitives   : NO
Use Clock Enable                   : Auto
Use Synchronous Set                : Auto
Use Synchronous Reset              : Auto
Pack IO Registers into IOBs        : Auto
Equivalent register Removal        : YES

---- General Options
Optimization Goal                  : Speed
Optimization Effort                : 1
Power Reduction                    : NO
Keep Hierarchy                     : No
Netlist Hierarchy                  : As_Optimized
RTL Output                         : Yes
Global Optimization                : AllClockNets
Read Cores                         : YES
Write Timing Constraints           : NO
Cross Clock Analysis               : NO
Hierarchy Separator                : /
Bus Delimiter                      : <>
Case Specifier                     : Maintain
Slice Utilization Ratio            : 100
BRAM Utilization Ratio             : 100
DSP48 Utilization Ratio            : 100
Auto BRAM Packing                  : NO
Slice Utilization Ratio Delta      : 5

=========================================================================

INFO:Xst - Part-select index evaluated to out of bound value may lead to incorrect synthesis results; it is recommended not to use them in RTL

=========================================================================
*                          HDL Parsing                                  *
=========================================================================
Parsing VHDL file "C:\Users\J3X\Documents\Digital-konstruktion\ALU-mem\memory_cell\memory_cell.vhd" into library work
Parsing entity <Memory_Cell>.
INFO:HDLCompiler:1676 - "C:\Users\J3X\Documents\Digital-konstruktion\ALU-mem\memory_cell\memory_cell.vhd" Line 37. declaration of a buffer port will make it difficult for you to validate this design by simulation. It is preferable to declare it as output
Parsing architecture <Behavioral> of entity <memory_cell>.

=========================================================================
*                            HDL Elaboration                            *
=========================================================================

Elaborating entity <Memory_Cell> (architecture <Behavioral>) from library <work>.

=========================================================================
*                           HDL Synthesis                               *
=========================================================================

Synthesizing Unit <Memory_Cell>.
    Related source file is "c:/users/j3x/documents/digital-konstruktion/alu-mem/memory_cell/memory_cell.vhd".
    Found 1024x13-bit single-port RAM <Mram_ram_block_0> for signal <ram_block_0>.
    Found 1024x13-bit single-port RAM <Mram_ram_block_1> for signal <ram_block_1>.
    Found 1024x13-bit single-port RAM <Mram_ram_block_2> for signal <ram_block_2>.
    Found 1024x13-bit single-port RAM <Mram_ram_block_3> for signal <ram_block_3>.
    Found 1024x13-bit single-port RAM <Mram_ram_block_4> for signal <ram_block_4>.
    Found 1024x13-bit single-port RAM <Mram_ram_block_5> for signal <ram_block_5>.
    Found 1024x13-bit single-port RAM <Mram_ram_block_6> for signal <ram_block_6>.
    Found 1024x13-bit single-port RAM <Mram_ram_block_7> for signal <ram_block_7>.
    Found 13-bit register for signal <data>.
    Found 13-bit register for signal <address_sync>.
    Found 13-bit 8-to-1 multiplexer for signal <_n0133> created at line 63.
    Summary:
	inferred   8 RAM(s).
	inferred  26 D-type flip-flop(s).
	inferred  10 Multiplexer(s).
Unit <Memory_Cell> synthesized.

=========================================================================
HDL Synthesis Report

Macro Statistics
# RAMs                                                 : 8
 1024x13-bit single-port RAM                           : 8
# Registers                                            : 2
 13-bit register                                       : 2
# Multiplexers                                         : 10
 1-bit 2-to-1 multiplexer                              : 9
 13-bit 8-to-1 multiplexer                             : 1

=========================================================================

=========================================================================
*                       Advanced HDL Synthesis                          *
=========================================================================


Synthesizing (advanced) Unit <Memory_Cell>.
INFO:Xst:3225 - The RAM <Mram_ram_block_0> will be implemented as BLOCK RAM
    -----------------------------------------------------------------------
    | ram_type           | Block                               |          |
    -----------------------------------------------------------------------
    | Port A                                                              |
    |     aspect ratio   | 1024-word x 13-bit                  |          |
    |     mode           | write-first                         |          |
    |     clkA           | connected to signal <clk>           | rise     |
    |     weA            | connected to signal <write_0>       | high     |
    |     addrA          | connected to signal <address_sync<9:0>> |          |
    |     diA            | connected to signal <data>          |          |
    -----------------------------------------------------------------------
    | optimization       | speed                               |          |
    -----------------------------------------------------------------------
    | Port B                                                              |
    |     aspect ratio   | 1024-word x 13-bit                  |          |
    |     mode           | write-first                         |          |
    |     clkB           | connected to signal <clk>           | rise     |
    |     addrB          | connected to signal <address<9:0>>  |          |
    |     doB            | connected to internal node          |          |
    -----------------------------------------------------------------------
    | optimization       | speed                               |          |
    -----------------------------------------------------------------------
INFO:Xst:3225 - The RAM <Mram_ram_block_2> will be implemented as BLOCK RAM
    -----------------------------------------------------------------------
    | ram_type           | Block                               |          |
    -----------------------------------------------------------------------
    | Port A                                                              |
    |     aspect ratio   | 1024-word x 13-bit                  |          |
    |     mode           | write-first                         |          |
    |     clkA           | connected to signal <clk>           | rise     |
    |     weA            | connected to internal node          | high     |
    |     addrA          | connected to signal <address_sync<9:0>> |          |
    |     diA            | connected to signal <data>          |          |
    -----------------------------------------------------------------------
    | optimization       | speed                               |          |
    -----------------------------------------------------------------------
    | Port B                                                              |
    |     aspect ratio   | 1024-word x 13-bit                  |          |
    |     mode           | write-first                         |          |
    |     clkB           | connected to signal <clk>           | rise     |
    |     addrB          | connected to signal <address<9:0>>  |          |
    |     doB            | connected to internal node          |          |
    -----------------------------------------------------------------------
    | optimization       | speed                               |          |
    -----------------------------------------------------------------------
INFO:Xst:3225 - The RAM <Mram_ram_block_3> will be implemented as BLOCK RAM
    -----------------------------------------------------------------------
    | ram_type           | Block                               |          |
    -----------------------------------------------------------------------
    | Port A                                                              |
    |     aspect ratio   | 1024-word x 13-bit                  |          |
    |     mode           | write-first                         |          |
    |     clkA           | connected to signal <clk>           | rise     |
    |     weA            | connected to internal node          | high     |
    |     addrA          | connected to signal <address_sync<9:0>> |          |
    |     diA            | connected to signal <data>          |          |
    -----------------------------------------------------------------------
    | optimization       | speed                               |          |
    -----------------------------------------------------------------------
    | Port B                                                              |
    |     aspect ratio   | 1024-word x 13-bit                  |          |
    |     mode           | write-first                         |          |
    |     clkB           | connected to signal <clk>           | rise     |
    |     addrB          | connected to signal <address<9:0>>  |          |
    |     doB            | connected to internal node          |          |
    -----------------------------------------------------------------------
    | optimization       | speed                               |          |
    -----------------------------------------------------------------------
INFO:Xst:3225 - The RAM <Mram_ram_block_1> will be implemented as BLOCK RAM
    -----------------------------------------------------------------------
    | ram_type           | Block                               |          |
    -----------------------------------------------------------------------
    | Port A                                                              |
    |     aspect ratio   | 1024-word x 13-bit                  |          |
    |     mode           | write-first                         |          |
    |     clkA           | connected to signal <clk>           | rise     |
    |     weA            | connected to internal node          | high     |
    |     addrA          | connected to signal <address_sync<9:0>> |          |
    |     diA            | connected to signal <data>          |          |
    -----------------------------------------------------------------------
    | optimization       | speed                               |          |
    -----------------------------------------------------------------------
    | Port B                                                              |
    |     aspect ratio   | 1024-word x 13-bit                  |          |
    |     mode           | write-first                         |          |
    |     clkB           | connected to signal <clk>           | rise     |
    |     addrB          | connected to signal <address<9:0>>  |          |
    |     doB            | connected to internal node          |          |
    -----------------------------------------------------------------------
    | optimization       | speed                               |          |
    -----------------------------------------------------------------------
INFO:Xst:3225 - The RAM <Mram_ram_block_5> will be implemented as BLOCK RAM
    -----------------------------------------------------------------------
    | ram_type           | Block                               |          |
    -----------------------------------------------------------------------
    | Port A                                                              |
    |     aspect ratio   | 1024-word x 13-bit                  |          |
    |     mode           | write-first                         |          |
    |     clkA           | connected to signal <clk>           | rise     |
    |     weA            | connected to internal node          | high     |
    |     addrA          | connected to signal <address_sync<9:0>> |          |
    |     diA            | connected to signal <data>          |          |
    -----------------------------------------------------------------------
    | optimization       | speed                               |          |
    -----------------------------------------------------------------------
    | Port B                                                              |
    |     aspect ratio   | 1024-word x 13-bit                  |          |
    |     mode           | write-first                         |          |
    |     clkB           | connected to signal <clk>           | rise     |
    |     addrB          | connected to signal <address<9:0>>  |          |
    |     doB            | connected to internal node          |          |
    -----------------------------------------------------------------------
    | optimization       | speed                               |          |
    -----------------------------------------------------------------------
INFO:Xst:3225 - The RAM <Mram_ram_block_4> will be implemented as BLOCK RAM
    -----------------------------------------------------------------------
    | ram_type           | Block                               |          |
    -----------------------------------------------------------------------
    | Port A                                                              |
    |     aspect ratio   | 1024-word x 13-bit                  |          |
    |     mode           | write-first                         |          |
    |     clkA           | connected to signal <clk>           | rise     |
    |     weA            | connected to internal node          | high     |
    |     addrA          | connected to signal <address_sync<9:0>> |          |
    |     diA            | connected to signal <data>          |          |
    -----------------------------------------------------------------------
    | optimization       | speed                               |          |
    -----------------------------------------------------------------------
    | Port B                                                              |
    |     aspect ratio   | 1024-word x 13-bit                  |          |
    |     mode           | write-first                         |          |
    |     clkB           | connected to signal <clk>           | rise     |
    |     addrB          | connected to signal <address<9:0>>  |          |
    |     doB            | connected to internal node          |          |
    -----------------------------------------------------------------------
    | optimization       | speed                               |          |
    -----------------------------------------------------------------------
INFO:Xst:3225 - The RAM <Mram_ram_block_6> will be implemented as BLOCK RAM
    -----------------------------------------------------------------------
    | ram_type           | Block                               |          |
    -----------------------------------------------------------------------
    | Port A                                                              |
    |     aspect ratio   | 1024-word x 13-bit                  |          |
    |     mode           | write-first                         |          |
    |     clkA           | connected to signal <clk>           | rise     |
    |     weA            | connected to internal node          | high     |
    |     addrA          | connected to signal <address_sync<9:0>> |          |
    |     diA            | connected to signal <data>          |          |
    -----------------------------------------------------------------------
    | optimization       | speed                               |          |
    -----------------------------------------------------------------------
    | Port B                                                              |
    |     aspect ratio   | 1024-word x 13-bit                  |          |
    |     mode           | write-first                         |          |
    |     clkB           | connected to signal <clk>           | rise     |
    |     addrB          | connected to signal <address<9:0>>  |          |
    |     doB            | connected to internal node          |          |
    -----------------------------------------------------------------------
    | optimization       | speed                               |          |
    -----------------------------------------------------------------------
INFO:Xst:3225 - The RAM <Mram_ram_block_7> will be implemented as BLOCK RAM
    -----------------------------------------------------------------------
    | ram_type           | Block                               |          |
    -----------------------------------------------------------------------
    | Port A                                                              |
    |     aspect ratio   | 1024-word x 13-bit                  |          |
    |     mode           | write-first                         |          |
    |     clkA           | connected to signal <clk>           | rise     |
    |     weA            | connected to internal node          | high     |
    |     addrA          | connected to signal <address_sync<9:0>> |          |
    |     diA            | connected to signal <data>          |          |
    -----------------------------------------------------------------------
    | optimization       | speed                               |          |
    -----------------------------------------------------------------------
    | Port B                                                              |
    |     aspect ratio   | 1024-word x 13-bit                  |          |
    |     mode           | write-first                         |          |
    |     clkB           | connected to signal <clk>           | rise     |
    |     addrB          | connected to signal <address<9:0>>  |          |
    |     doB            | connected to internal node          |          |
    -----------------------------------------------------------------------
    | optimization       | speed                               |          |
    -----------------------------------------------------------------------
Unit <Memory_Cell> synthesized (advanced).

=========================================================================
Advanced HDL Synthesis Report

Macro Statistics
# RAMs                                                 : 8
 1024x13-bit dual-port block RAM                       : 8
# Registers                                            : 26
 Flip-Flops                                            : 26
# Multiplexers                                         : 10
 1-bit 2-to-1 multiplexer                              : 9
 13-bit 8-to-1 multiplexer                             : 1

=========================================================================

=========================================================================
*                         Low Level Synthesis                           *
=========================================================================

Optimizing unit <Memory_Cell> ...

Mapping all equations...
Building and optimizing final netlist ...
Found area constraint ratio of 100 (+ 5) on block Memory_Cell, actual ratio is 0.
FlipFlop address_sync_10 has been replicated 1 time(s)
INFO:Xst:1843 - HDL ADVISOR - FlipFlop address_sync_10 connected to a primary input has been replicated
FlipFlop address_sync_11 has been replicated 1 time(s)
INFO:Xst:1843 - HDL ADVISOR - FlipFlop address_sync_11 connected to a primary input has been replicated
FlipFlop address_sync_12 has been replicated 1 time(s)
INFO:Xst:1843 - HDL ADVISOR - FlipFlop address_sync_12 connected to a primary input has been replicated

Final Macro Processing ...

=========================================================================
Final Register Report

Macro Statistics
# Registers                                            : 29
 Flip-Flops                                            : 29

=========================================================================

=========================================================================
*                           Partition Report                            *
=========================================================================

Partition Implementation Status
-------------------------------

  No Partitions were found in this design.

-------------------------------

=========================================================================
*                            Design Summary                             *
=========================================================================

Top Level Output File Name         : Memory_Cell.ngc

Primitive and Black Box Usage:
------------------------------
# BELS                             : 49
#      GND                         : 1
#      LUT4                        : 8
#      LUT6                        : 26
#      MUXF7                       : 13
#      VCC                         : 1
# FlipFlops/Latches                : 29
#      FD                          : 16
#      FDE                         : 13
# RAMS                             : 8
#      RAMB16BWER                  : 8
# Clock Buffers                    : 1
#      BUFGP                       : 1
# IO Buffers                       : 28
#      IBUF                        : 15
#      OBUF                        : 13

Device utilization summary:
---------------------------

Selected Device : 6slx16csg324-3 


Slice Logic Utilization: 
 Number of Slice Registers:              29  out of  18224     0%  
 Number of Slice LUTs:                   34  out of   9112     0%  
    Number used as Logic:                34  out of   9112     0%  

Slice Logic Distribution: 
 Number of LUT Flip Flop pairs used:     47
   Number with an unused Flip Flop:      18  out of     47    38%  
   Number with an unused LUT:            13  out of     47    27%  
   Number of fully used LUT-FF pairs:    16  out of     47    34%  
   Number of unique control sets:         2

IO Utilization: 
 Number of IOs:                          29
 Number of bonded IOBs:                  29  out of    232    12%  

Specific Feature Utilization:
 Number of Block RAM/FIFO:                8  out of     32    25%  
    Number using Block RAM only:          8
 Number of BUFG/BUFGCTRLs:                1  out of     16     6%  

---------------------------
Partition Resource Summary:
---------------------------

  No Partitions were found in this design.

---------------------------


=========================================================================
Timing Report

NOTE: THESE TIMING NUMBERS ARE ONLY A SYNTHESIS ESTIMATE.
      FOR ACCURATE TIMING INFORMATION PLEASE REFER TO THE TRACE REPORT
      GENERATED AFTER PLACE-and-ROUTE.

Clock Information:
------------------
-----------------------------------+------------------------+-------+
Clock Signal                       | Clock buffer(FF name)  | Load  |
-----------------------------------+------------------------+-------+
clk                                | BUFGP                  | 37    |
-----------------------------------+------------------------+-------+

Asynchronous Control Signals Information:
----------------------------------------
No asynchronous control signals found in this design

Timing Summary:
---------------
Speed Grade: -3

   Minimum period: 3.122ns (Maximum Frequency: 320.323MHz)
   Minimum input arrival time before clock: 3.457ns
   Maximum output required time after clock: 3.847ns
   Maximum combinational path delay: No path found

Timing Details:
---------------
All values displayed in nanoseconds (ns)

=========================================================================
Timing constraint: Default period analysis for Clock 'clk'
  Clock period: 3.122ns (frequency: 320.323MHz)
  Total number of paths / destination ports: 449 / 229
-------------------------------------------------------------------------
Delay:               3.122ns (Levels of Logic = 2)
  Source:            Mram_ram_block_6 (RAM)
  Destination:       data_0 (FF)
  Source Clock:      clk rising
  Destination Clock: clk rising

  Data Path: Mram_ram_block_6 to data_0
                                Gate     Net
    Cell:in->out      fanout   Delay   Delay  Logical Name (Net Name)
    ----------------------------------------  ------------
     RAMB16BWER:CLKB->DOB0    1   1.850   0.827  Mram_ram_block_6 (_n0107<0>)
     LUT6:I2->O            1   0.203   0.000  Mmux__n0133_3 (Mmux__n0133_3)
     MUXF7:I1->O           1   0.140   0.000  Mmux__n0133_2_f7 (_n0133<0>)
     FDE:D                     0.102          data_0
    ----------------------------------------
    Total                      3.122ns (2.295ns logic, 0.827ns route)
                                       (73.5% logic, 26.5% route)

=========================================================================
Timing constraint: Default OFFSET IN BEFORE for Clock 'clk'
  Total number of paths / destination ports: 141 / 141
-------------------------------------------------------------------------
Offset:              3.457ns (Levels of Logic = 2)
  Source:            write (PAD)
  Destination:       Mram_ram_block_0 (RAM)
  Destination Clock: clk rising

  Data Path: write to Mram_ram_block_0
                                Gate     Net
    Cell:in->out      fanout   Delay   Delay  Logical Name (Net Name)
    ----------------------------------------  ------------
     IBUF:I->O             8   1.222   1.050  write_IBUF (write_IBUF)
     LUT4:I0->O            4   0.203   0.683  BUS_00411 (BUS_0041)
     RAMB16BWER:WEA2           0.300          Mram_ram_block_1
    ----------------------------------------
    Total                      3.457ns (1.725ns logic, 1.732ns route)
                                       (49.9% logic, 50.1% route)

=========================================================================
Timing constraint: Default OFFSET OUT AFTER for Clock 'clk'
  Total number of paths / destination ports: 13 / 13
-------------------------------------------------------------------------
Offset:              3.847ns (Levels of Logic = 1)
  Source:            data_12 (FF)
  Destination:       data<12> (PAD)
  Source Clock:      clk rising

  Data Path: data_12 to data<12>
                                Gate     Net
    Cell:in->out      fanout   Delay   Delay  Logical Name (Net Name)
    ----------------------------------------  ------------
     FDE:C->Q              9   0.447   0.829  data_12 (data_12)
     OBUF:I->O                 2.571          data_12_OBUF (data<12>)
    ----------------------------------------
    Total                      3.847ns (3.018ns logic, 0.829ns route)
                                       (78.5% logic, 21.5% route)

=========================================================================

Cross Clock Domains Report:
--------------------------

Clock to Setup on destination clock clk
---------------+---------+---------+---------+---------+
               | Src:Rise| Src:Fall| Src:Rise| Src:Fall|
Source Clock   |Dest:Rise|Dest:Rise|Dest:Fall|Dest:Fall|
---------------+---------+---------+---------+---------+
clk            |    3.122|         |         |         |
---------------+---------+---------+---------+---------+

=========================================================================


Total REAL time to Xst completion: 7.00 secs
Total CPU time to Xst completion: 7.54 secs
 
--> 

Total memory usage is 255316 kilobytes

Number of errors   :    0 (   0 filtered)
Number of warnings :    0 (   0 filtered)
Number of infos    :   12 (   0 filtered)

